<?xml version="1.0" encoding="UTF-8"?>
<testng-results skipped="0" failed="0" ignored="0" total="1" passed="1">
  <reporter-output>
  </reporter-output>
  <suite name="Default suite" duration-ms="653" started-at="2019-03-25T05:23:56Z" finished-at="2019-03-25T05:23:56Z">
    <groups>
    </groups>
    <test name="Default test" duration-ms="653" started-at="2019-03-25T05:23:56Z" finished-at="2019-03-25T05:23:56Z">
      <class name="Orange_Pim.AddEmployees">
        <test-method status="PASS" signature="DatadrivenTest_AddEmployess()[pri:0, instance:Orange_Pim.AddEmployees@5792a0]" name="DatadrivenTest_AddEmployess" duration-ms="605" started-at="2019-03-25T05:23:56Z" finished-at="2019-03-25T05:23:56Z">
          <reporter-output>
          </reporter-output>
        </test-method> <!-- DatadrivenTest_AddEmployess -->
      </class> <!-- Orange_Pim.AddEmployees -->
    </test> <!-- Default test -->
  </suite> <!-- Default suite -->
</testng-results>
